<?xml version="1.0" encoding="UTF-8"?>
<testng-results total="1" passed="1" failed="0" skipped="0">
  <reporter-output>
  </reporter-output>
  <suite started-at="2019-07-01T20:22:25Z" name="Suite" finished-at="2019-07-01T20:22:39Z" duration-ms="14072">
    <groups>
    </groups>
    <test started-at="2019-07-01T20:22:25Z" name="Test" finished-at="2019-07-01T20:22:39Z" duration-ms="14072">
      <class name="com.star.cluster.test.smoke.TestLoginS12345">
        <test-method is-config="true" signature="Preconditions()[pri:0, instance:com.star.cluster.test.smoke.TestLoginS12345@75881071]" started-at="2019-07-02T01:52:25Z" name="Preconditions" finished-at="2019-07-02T01:52:34Z" duration-ms="8600" status="PASS">
          <reporter-output>
          </reporter-output>
        </test-method> <!-- Preconditions -->
        <test-method signature="testInvalidLoginTC1234567()[pri:0, instance:com.star.cluster.test.smoke.TestLoginS12345@75881071]" started-at="2019-07-02T01:52:34Z" name="testInvalidLoginTC1234567" finished-at="2019-07-02T01:52:39Z" duration-ms="4865" status="PASS">
          <reporter-output>
          </reporter-output>
        </test-method> <!-- testInvalidLoginTC1234567 -->
        <test-method is-config="true" signature="PostConditions()[pri:0, instance:com.star.cluster.test.smoke.TestLoginS12345@75881071]" started-at="2019-07-02T01:52:39Z" name="PostConditions" finished-at="2019-07-02T01:52:39Z" duration-ms="593" status="PASS">
          <reporter-output>
          </reporter-output>
        </test-method> <!-- PostConditions -->
      </class> <!-- com.star.cluster.test.smoke.TestLoginS12345 -->
    </test> <!-- Test -->
  </suite> <!-- Suite -->
</testng-results>
