<?xml version="1.0" encoding="UTF-8"?>
<testng-results ignored="0" total="1" passed="1" failed="0" skipped="0">
  <reporter-output>
  </reporter-output>
  <suite started-at="2019-07-01T19:47:31Z" name="Suite" finished-at="2019-07-01T19:47:46Z" duration-ms="15450">
    <groups>
    </groups>
    <test started-at="2019-07-01T19:47:31Z" name="Test" finished-at="2019-07-01T19:47:46Z" duration-ms="15450">
      <class name="com.star.cluster.test.smoke.TestLoginS12345">
        <test-method is-config="true" signature="Preconditions()[pri:0, instance:com.star.cluster.test.smoke.TestLoginS12345@4fb61f4a]" started-at="2019-07-01T19:47:31Z" name="Preconditions" finished-at="2019-07-01T19:47:41Z" duration-ms="10405" status="PASS">
          <reporter-output>
          </reporter-output>
        </test-method> <!-- Preconditions -->
        <test-method signature="testInvalidLoginTC1234567()[pri:0, instance:com.star.cluster.test.smoke.TestLoginS12345@4fb61f4a]" started-at="2019-07-01T19:47:41Z" name="testInvalidLoginTC1234567" finished-at="2019-07-01T19:47:46Z" duration-ms="4483" status="PASS">
          <reporter-output>
          </reporter-output>
        </test-method> <!-- testInvalidLoginTC1234567 -->
        <test-method is-config="true" signature="PostConditions()[pri:0, instance:com.star.cluster.test.smoke.TestLoginS12345@4fb61f4a]" started-at="2019-07-01T19:47:46Z" name="PostConditions" finished-at="2019-07-01T19:47:46Z" duration-ms="519" status="PASS">
          <reporter-output>
          </reporter-output>
        </test-method> <!-- PostConditions -->
      </class> <!-- com.star.cluster.test.smoke.TestLoginS12345 -->
    </test> <!-- Test -->
  </suite> <!-- Suite -->
</testng-results>
